Handling lib "rpc-service-config"...
The --lib flag was not given for it, checking repository
Repository "/var/tmp/fwbuild-volumes/latest/apps/test_js/esp32/build_contexts/build_ctx_979700601/libs/rpc-service-config" is updated recently enough, don't touch it
Prepared local dir: "/var/tmp/fwbuild-volumes/latest/apps/test_js/esp32/build_contexts/build_ctx_979700601/libs/rpc-service-config"
Handling lib "rpc-common"...
The --lib flag was not given for it, checking repository
Repository "/var/tmp/fwbuild-volumes/latest/apps/test_js/esp32/build_contexts/build_ctx_979700601/libs/rpc-common" is updated recently enough, don't touch it
Prepared local dir: "/var/tmp/fwbuild-volumes/latest/apps/test_js/esp32/build_contexts/build_ctx_979700601/libs/rpc-common"
Handling lib "http-server"...
The --lib flag was not given for it, checking repository
Repository "/var/tmp/fwbuild-volumes/latest/apps/test_js/esp32/build_contexts/build_ctx_979700601/libs/http-server" is updated recently enough, don't touch it
Prepared local dir: "/var/tmp/fwbuild-volumes/latest/apps/test_js/esp32/build_contexts/build_ctx_979700601/libs/http-server"
Handling lib "atca"...
The --lib flag was not given for it, checking repository
Repository "/var/tmp/fwbuild-volumes/latest/apps/test_js/esp32/build_contexts/build_ctx_979700601/libs/atca" is updated recently enough, don't touch it
Prepared local dir: "/var/tmp/fwbuild-volumes/latest/apps/test_js/esp32/build_contexts/build_ctx_979700601/libs/atca"
Handling lib "rpc-service-fs"...
The --lib flag was not given for it, checking repository
Repository "/var/tmp/fwbuild-volumes/latest/apps/test_js/esp32/build_contexts/build_ctx_979700601/libs/rpc-service-fs" is updated recently enough, don't touch it
Prepared local dir: "/var/tmp/fwbuild-volumes/latest/apps/test_js/esp32/build_contexts/build_ctx_979700601/libs/rpc-service-fs"
Handling lib "rpc-common"...
AlreSuccess, built test_js/esp32 version 1.0 (20170713-040309/???).
Firmware saved to build\fw.zip
repository
Repository "/var/tmp/fwbuild-volumes/latest/apps/test_js/esp32/build_contexts/build_ctx_979700601/libs/rpc-uart" is updated recently enough, don't touch it
Prepared local dir: "/var/tmp/fwbuild-volumes/latest/apps/test_js/esp32/build_contexts/build_ctx_979700601/libs/rpc-uart"
Handling lib "rpc-common"...
Already handled, skipping
The flag --repo is not given, going to use mongoose-os repository
Repository "/var/tmp/fwbuild-volumes/latest/apps/test_js/esp32/build_contexts/build_ctx_979700601/modules/mongoose-os" is updated recently enough, don't touch it
Sources: [/var/tmp/fwbuild-volumes/latest/apps/test_js/esp32/build_contexts/build_ctx_979700601/local_libs/IFC_Driver/src/*.c /var/tmp/fwbuild-volumes/latest/apps/test_js/esp32/build_contexts/build_ctx_979700601/local_libs/IFC_Driver/src/*.cpp /var/tmp/fwbuild-volumes/latest/apps/test_js/esp32/build_contexts/build_ctx_979700601/libs/http-server/src/*.c /var/tmp/fwbuild-volumes/latest/apps/test_js/esp32/build_contexts/build_ctx_979700601/libs/http-server/src/*.cpp /var/tmp/fwbuild-volumes/latest/apps/test_js/esp32/build_contexts/build_ctx_979700601/libs/rpc-common/src/mg_rpc/*.c /var/tmp/fwbuild-volumes/latest/apps/test_js/esp32/build_contexts/build_ctx_979700601/libs/rpc-common/src/mg_rpc/*.cpp /var/tmp/fwbuild-volumes/latest/apps/test_js/esp32/build_contexts/build_ctx_979700601/libs/rpc-common/src/*.c /var/tmp/fwbuild-volumes/latest/apps/test_js/esp32/build_contexts/build_ctx_979700601/libs/rpc-common/src/*.cpp /var/tmp/fwbuild-volumes/latest/apps/test_js/esp32/build_contexts/build_ctx_979700601/libs/rpc-service-config/src/*.c /var/tmp/fwbuild-volumes/latest/apps/test_js/esp32/build_contexts/build_ctx_979700601/libs/rpc-service-config/src/*.cpp /var/tmp/fwbuild-volumes/latest/apps/test_js/esp32/build_contexts/build_ctx_979700601/libs/rpc-service-fs/src/*.c /var/tmp/fwbuild-volumes/latest/apps/test_js/esp32/build_contexts/build_ctx_979700601/libs/rpc-service-fs/src/*.cpp /var/tmp/fwbuild-volumes/latest/apps/test_js/esp32/build_contexts/build_ctx_979700601/libs/rpc-uart/src/*.c /var/tmp/fwbuild-volumes/latest/apps/test_js/esp32/build_contexts/build_ctx_979700601/libs/rpc-uart/src/*.cpp /var/tmp/fwbuild-volumes/latest/apps/test_js/esp32/build_contexts/build_ctx_979700601/src/*.c /var/tmp/fwbuild-volumes/latest/apps/test_js/esp32/build_contexts/build_ctx_979700601/src/*.cpp /var/tmp/fwbuild-volumes/latest/apps/test_js/esp32/build_contexts/build_ctx_979700601/build/gen/deps_init.c]
Building...
Docker arguments: run --rm -i -v /var/tmp/fwbuild-volumes/latest/apps/test_js/esp32/build_contexts/build_ctx_979700601/modules/mongoose-os:/mongoose-os -v /var/tmp/fwbuild-volumes/latest/apps/test_js/esp32/build_contexts/build_ctx_979700601/modules/mongoose-os:/var/tmp/fwbuild-volumes/latest/apps/test_js/esp32/build_contexts/build_ctx_979700601/modules/mongoose-os -v /var/tmp/fwbuild-volumes/latest/apps/test_js/esp32/build_contexts/build_ctx_979700601/local_libs/IFC_Driver/src:/var/tmp/fwbuild-volumes/latest/apps/test_js/esp32/build_contexts/build_ctx_979700601/local_libs/IFC_Driver/src -v /var/tmp/fwbuild-volumes/latest/apps/test_js/esp32/build_contexts/build_ctx_979700601/libs/rpc-common/src:/var/tmp/fwbuild-volumes/latest/apps/test_js/esp32/build_contexts/build_ctx_979700601/libs/rpc-common/src -v /var/tmp/fwbuild-volumes/latest/apps/test_js/esp32/build_contexts/build_ctx_979700601/build:/var/tmp/fwbuild-volumes/latest/apps/test_js/esp32/build_contexts/build_ctx_979700601/build -v /var/tmp/fwbuild-volumes/latest/apps/test_js/esp32/build_contexts/build_ctx_979700601/libs/rpc-service-config/src:/var/tmp/fwbuild-volumes/latest/apps/test_js/esp32/build_contexts/build_ctx_979700601/libs/rpc-service-config/src -v /var/tmp/fwbuild-volumes/latest/apps/test_js/esp32/build_contexts/build_ctx_979700601/libs/rpc-service-fs/src:/var/tmp/fwbuild-volumes/latest/apps/test_js/esp32/build_contexts/build_ctx_979700601/libs/rpc-service-fs/src -v /var/tmp/fwbuild-volumes/latest/apps/test_js/esp32/build_contexts/build_ctx_979700601/libs/http-server/src:/var/tmp/fwbuild-volumes/latest/apps/test_js/esp32/build_contexts/build_ctx_979700601/libs/http-server/src -v /var/tmp/fwbuild-volumes/latest/apps/test_js/esp32/build_contexts/build_ctx_979700601/libs/rpc-uart/src:/var/tmp/fwbuild-volumes/latest/apps/test_js/esp32/build_contexts/build_ctx_979700601/libs/rpc-uart/src -v /var/tmp/fwbuild-volumes/latest/apps/test_js/esp32/build_contexts/build_ctx_979700601/build/gen:/var/tmp/fwbuild-volumes/latest/apps/test_js/esp32/build_contexts/build_ctx_979700601/build/gen -v /var/tmp/fwbuild-volumes/latest/apps/test_js/esp32/build_contexts/build_ctx_979700601/fs:/var/tmp/fwbuild-volumes/latest/apps/test_js/esp32/build_contexts/build_ctx_979700601/fs -v /var/tmp/fwbuild-volumes/latest/apps/test_js/esp32/build_contexts/build_ctx_979700601:/app -v /var/tmp/fwbuild-volumes/latest/apps/test_js/esp32/build_contexts/build_ctx_979700601/libs/rpc-common/src/mg_rpc:/var/tmp/fwbuild-volumes/latest/apps/test_js/esp32/build_contexts/build_ctx_979700601/libs/rpc-common/src/mg_rpc -v /var/tmp/fwbuild-volumes/latest/apps/test_js/esp32/build_contexts/build_ctx_979700601/src:/var/tmp/fwbuild-volumes/latest/apps/test_js/esp32/build_contexts/build_ctx_979700601/src --user 0:0 docker.cesanta.com/esp32-build:2.0-r10 /bin/bash -c nice make '-j' '16' '-C' '/app' '-f' '/mongoose-os/fw/platforms/esp32/Makefile.build' 'FW_DIR=build/fw' 'GEN_DIR=/var/tmp/fwbuild-volumes/latest/apps/test_js/esp32/build_contexts/build_ctx_979700601/build/gen' 'APP_CXXFLAGS=-DMGOS_HAVE_HTTP_SERVER=1 -DMGOS_HAVE_RPC_SERVICE_FS=1 -DMGOS_HAVE_RPC_UART=1 -DMGOS_ENABLE_TUNNEL=0 -DMGOS_ENABLE_FILE_UPLOAD=1 -DMGOS_ENABLE_RPC_CHANNEL_HTTP=1 -DMGOS_HAVE_RPC_COMMON=1 -DMGOS_ENABLE_RPC_CHANNEL_WS=1 -DMGOS_HAVE_IFC_DRIVER=1 -DMGOS_HAVE_RPC_SERVICE_CONFIG=1 -DMGOS_ENABLE_SYS_SERVICE=1 -DMGOS_ENABLE_WEB_CONFIG=0' 'APP_FS_FILES=/var/tmp/fwbuild-volumes/latest/apps/test_js/esp32/build_contexts/build_ctx_979700601/fs/*' 'APP_CONF_SCHEMA=/var/tmp/fwbuild-volumes/latest/apps/test_js/esp32/build_contexts/build_ctx_979700601/build/gen/mos_conf_schema.yml' 'MGOS_HAVE_IFC_DRIVER=1' 'MGOS_HAVE_RPC_SERVICE_FS=1' 'FS_STAGING_DIR=build/fs' 'APP=test_js' 'BUILD_DIR=build/objs' 'APP_SOURCES=/var/tmp/fwbuild-volumes/latest/apps/test_js/esp32/build_contexts/build_ctx_979700601/local_libs/IFC_Driver/src/*.c /var/tmp/fwbuild-volumes/latest/apps/test_js/esp32/build_contexts/build_ctx_979700601/local_libs/IFC_Driver/src/*.cpp /var/tmp/fwbuild-volumes/latest/apps/test_js/esp32/build_contexts/build_ctx_979700601/libs/http-server/src/*.c /var/tmp/fwbuild-volumes/latest/apps/test_js/esp32/build_contexts/build_ctx_979700601/libs/http-server/src/*.cpp /var/tmp/fwbuild-volumes/latest/apps/test_js/esp32/build_contexts/build_ctx_979700601/libs/rpc-common/src/mg_rpc/*.c /var/tmp/fwbuild-volumes/latest/apps/test_js/esp32/build_contexts/build_ctx_979700601/libs/rpc-common/src/mg_rpc/*.cpp /var/tmp/fwbuild-volumes/latest/apps/test_js/esp32/build_contexts/build_ctx_979700601/libs/rpc-common/src/*.c /var/tmp/fwbuild-volumes/latest/apps/test_js/esp32/build_contexts/build_ctx_979700601/libs/rpc-common/src/*.cpp /var/tmp/fwbuild-volumes/latest/apps/test_js/esp32/build_contexts/build_ctx_979700601/libs/rpc-service-config/src/*.c /var/tmp/fwbuild-volumes/latest/apps/test_js/esp32/build_contexts/build_ctx_979700601/libs/rpc-service-config/src/*.cpp /var/tmp/fwbuild-volumes/latest/apps/test_js/esp32/build_contexts/build_ctx_979700601/libs/rpc-service-fs/src/*.c /var/tmp/fwbuild-volumes/latest/apps/test_js/esp32/build_contexts/build_ctx_979700601/libs/rpc-service-fs/src/*.cpp /var/tmp/fwbuild-volumes/latest/apps/test_js/esp32/build_contexts/build_ctx_979700601/libs/rpc-uart/src/*.c /var/tmp/fwbuild-volumes/latest/apps/test_js/esp32/build_contexts/build_ctx_979700601/libs/rpc-uart/src/*.cpp /var/tmp/fwbuild-volumes/latest/apps/test_js/esp32/build_contexts/build_ctx_979700601/src/*.c /var/tmp/fwbuild-volumes/latest/apps/test_js/esp32/build_contexts/build_ctx_979700601/src/*.cpp /var/tmp/fwbuild-volumes/latest/apps/test_js/esp32/build_contexts/build_ctx_979700601/build/gen/deps_init.c' 'APP_CFLAGS=-DMGOS_ENABLE_FILE_UPLOAD=1 -DMGOS_ENABLE_RPC_CHANNEL_HTTP=1 -DMGOS_HAVE_RPC_COMMON=1 -DMGOS_ENABLE_RPC_CHANNEL_WS=1 -DMGOS_HAVE_IFC_DRIVER=1 -DMGOS_HAVE_RPC_SERVICE_CONFIG=1 -DMGOS_ENABLE_SYS_SERVICE=1 -DMGOS_ENABLE_WEB_CONFIG=0 -DMGOS_HAVE_HTTP_SERVER=1 -DMGOS_HAVE_RPC_SERVICE_FS=1 -DMGOS_HAVE_RPC_UART=1 -DMGOS_ENABLE_TUNNEL=0' 'MGOS_HAVE_HTTP_SERVER=1' 'MGOS_HAVE_RPC_SERVICE_CONFIG=1' 'MGOS_HAVE_RPC_COMMON=1' 'MGOS_HAVE_RPC_UART=1' 'FFI_SYMBOLS=' 'PLATFORM=esp32' 'MGOS_PATH=/mongoose-os' 'APP_VERSION=1.0'
make: Entering directory '/app'
make[1]: Entering directory '/opt/Espressif/esp-idf/components/bootloader/src'
make[1]: Entering directory '/app/build/objs/app_update'
make[1]: Entering directory '/app/build/objs/log'
make[1]: Leaving directory '/app/build/objs/app_update'
make[1]: Entering directory '/app/build/objs/expat'
make[1]: Entering directory '/app/build/objs/ethernet'
make[1]: Entering directory '/app/build/objs/bootloader_support'
make[1]: Leaving directory '/app/build/objs/log'
make[1]: Leaving directory '/app/build/objs/expat'
make[1]: Leaving directory '/app/build/objs/ethernet'
make[1]: Leaving directory '/app/build/objs/bootloader_support'
make[1]: Entering directory '/app/build/objs/tcpip_adapter'
make[1]: Leaving directory '/app/build/objs/tcpip_adapter'
make[1]: Entering directory '/app/build/objs/driver'
make[1]: Entering directory '/app/build/objs/vfs'
make[1]: Entering directory '/app/build/objs/freertos'
make[1]: Entering directory '/app/build/objs/xtensa-debug-module'
make[1]: Entering directory '/app/build/objs/spi_flash'
make[1]: Leaving directory '/app/build/objs/vfs'
make[1]: Leaving directory '/app/build/objs/driver'
make[1]: Leaving directory '/app/build/objs/freertos'
make[1]: Leaving directory '/app/build/objs/xtensa-debug-module'
make[1]: Leaving directory '/app/build/objs/spi_flash'
make[1]: Entering directory '/app/build/objs/spiffs'
make[1]: Entering directory '/app/build/objs/cryptoauthlib'
make[1]: Leaving directory '/app/build/objs/spiffs'
make[1]: Leaving directory '/app/build/objs/cryptoauthlib'
make[1]: Entering directory '/app/build/objs/micro-ecc'
make[1]: Entering directory '/app/build/objs/wpa_supplicant'
make[1]: Entering directory '/app/build/objs/nvs_flash'
make[1]: Entering directory '/app/build/objs/newlib'
make[1]: Entering directory '/app/build/objs/soc'
make[1]: Entering directory '/app/build/objs/esp32'
make[1]: Leaving directory '/app/build/objs/micro-ecc'
make[1]: Leaving directory '/app/build/objs/wpa_supplicant'
make[1]: Leaving directory '/app/build/objs/newlib'
make[1]: Leaving directory '/app/build/objs/soc'
make[1]: Leaving directory '/app/build/objs/nvs_flash'
make[1]: Leaving directory '/app/build/objs/esp32'
make[1]: Entering directory '/app/build/objs/lwip'
make[1]: Entering directory '/app/build/objs/src'
make[1]: Leaving directory '/app/build/objs/lwip'
  GEN   /var/tmp/fwbuild-volumes/latest/apps/test_js/esp32/build_contexts/build_ctx_979700601/build/gen/ffi_exports.c
make[1]: Entering directory '/app/build/objs/bt'
make[1]: Leaving directory '/app/build/objs/bt'
make[2]: Entering directory '/app/build/objs/bootloader/log'
make[2]: Entering directory '/app/build/objs/bootloader/spi_flash'
make[2]: Entering directory '/app/build/objs/bootloader/micro-ecc'
make[2]: Entering directory '/app/build/objs/bootloader/bootloader_support'
make[2]: Entering directory '/app/build/objs/bootloader/main'
make[2]: Entering directory '/app/build/objs/bootloader/soc'
make[2]: Leaving directory '/app/build/objs/bootloader/spi_flash'
make[2]: Leaving directory '/app/build/objs/bootloader/log'
make[2]: Leaving directory '/app/build/objs/bootloader/micro-ecc'
make[2]: Leaving directory '/app/build/objs/bootloader/bootloader_support'
make[2]: Leaving directory '/app/build/objs/bootloader/main'
make[2]: Leaving directory '/app/build/objs/bootloader/soc'
make[1]: Leaving directory '/opt/Espressif/esp-idf/components/bootloader/src'
CC /app/build/objs/ffi_exports.o
AR libsrc.a
make[1]: Leaving directory '/app/build/objs/src'
LD test_js.elf
esptool.py v2.0.1
  Generating breakdown
  CP    /mongoose-os/fw/skeleton/fs/ca.pem -> build/fs
  CP    /mongoose-os/fw/skeleton/fs/index.html -> build/fs
  CP    /var/tmp/fwbuild-volumes/latest/apps/test_js/esp32/build_contexts/build_ctx_979700601/fs/init.js -> build/fs
  CP    /var/tmp/fwbuild-volumes/latest/apps/test_js/esp32/build_contexts/build_ctx_979700601/fs/index.html -> build/fs
  CP    /var/tmp/fwbuild-volumes/latest/apps/test_js/esp32/build_contexts/build_ctx_979700601/build/gen/conf0.json -> build/fs
  CP    /var/tmp/fwbuild-volumes/latest/apps/test_js/esp32/build_contexts/build_ctx_979700601/build/gen/sys_config_schema.json -> build/fs
  CP    /var/tmp/fwbuild-volumes/latest/apps/test_js/esp32/build_contexts/build_ctx_979700601/build/gen/sys_ro_vars_schema.json -> build/fs
  MKFS  /usr/local/bin/mkspiffs8 262144 build/fs -> /app/build/objs/fw_temp/fs.img
     Adding index.html: 75
     Adding ca.pem: 7845
     Adding sys_config_schema.json: 5303
     Adding conf0.json: 1889
     Adding init.js: 236
     Adding sys_ro_vars_schema.json: 332
     Image stats: size=262144, space: total=233681, used=18072, free=215609
  GEN    /app/build/objs/fw_temp/manifest.json
  ZIP    /app/build/fw/test_js-esp32-last.zip
     Adding /app/build/objs/fw_temp/bootloader.bin
     Adding /app/build/objs/fw_temp/fs.img
     Adding /app/build/objs/fw_temp/partitions_mgos.bin
     Adding /app/build/objs/fw_temp/test_js.bin
  Built test_js/esp32 version 1.0 (20170713-040309/???)
To flash all build output, run 'make flash' or:
python /opt/Espressif/esp-idf/components/esptool_py/esptool/esptool.py --chip esp32 --port /dev/ttyUSB0 --baud 1500000 --before default_reset --after hard_reset write_flash -z --flash_mode qio --flash_freq 40m --flash_size detect 0x1000 /app/build/objs/bootloader/bootloader.bin 0x10000 /app/build/objs/test_js.bin 0x8000 /app/build/objs/partitions_mgos.bin
make: Leaving directory '/app'
Success, built test_js/esp32 version 1.0 (20170713-040309/???).
Firmware saved to build/fw.zip
